<?xml version="1.0" encoding="UTF-8"?>
<!-- Generated by org.testng.reporters.JUnitReportReporter -->
<testsuite skipped="0" hostname="WS00CS001" name="unitTest.FirstTestCase" tests="1" failures="0" timestamp="20 Mar 2019 13:21:14 GMT" time="30.701" errors="0">
  <testcase name="firstTest" time="30.701" classname="unitTest.FirstTestCase"/>
</testsuite> <!-- unitTest.FirstTestCase -->
